<?xml version="1.0" encoding="UTF-8"?>
<testsuites>
  <testsuite name="Modules" tests="11" assertions="63" errors="0" warnings="0" failures="0" skipped="0" time="0.926251">
    <testsuite name="Modules\User\Tests\Http\Controllers\Tests\UserControllerTest" file="/Users/phelipemomesso/Sites/desafio-backend/api/modules/User/Tests/Http/Controllers/UserControllerTest.php" tests="5" assertions="36" errors="0" warnings="0" failures="0" skipped="0" time="0.659341">
      <testcase name="testItCanCreateResource" class="Modules\User\Tests\Http\Controllers\Tests\UserControllerTest" classname="Modules.User.Tests.Http.Controllers.Tests.UserControllerTest" file="/Users/phelipemomesso/Sites/desafio-backend/api/modules/User/Tests/Http/Controllers/UserControllerTest.php" line="40" assertions="8" time="0.357138"/>
      <testcase name="testItCanListingResource" class="Modules\User\Tests\Http\Controllers\Tests\UserControllerTest" classname="Modules.User.Tests.Http.Controllers.Tests.UserControllerTest" file="/Users/phelipemomesso/Sites/desafio-backend/api/modules/User/Tests/Http/Controllers/UserControllerTest.php" line="82" assertions="8" time="0.069489"/>
      <testcase name="testItCanShowResource" class="Modules\User\Tests\Http\Controllers\Tests\UserControllerTest" classname="Modules.User.Tests.Http.Controllers.Tests.UserControllerTest" file="/Users/phelipemomesso/Sites/desafio-backend/api/modules/User/Tests/Http/Controllers/UserControllerTest.php" line="112" assertions="8" time="0.070205"/>
      <testcase name="testItCanUpdateResource" class="Modules\User\Tests\Http\Controllers\Tests\UserControllerTest" classname="Modules.User.Tests.Http.Controllers.Tests.UserControllerTest" file="/Users/phelipemomesso/Sites/desafio-backend/api/modules/User/Tests/Http/Controllers/UserControllerTest.php" line="134" assertions="11" time="0.093337"/>
      <testcase name="testItCanDestroyResource" class="Modules\User\Tests\Http\Controllers\Tests\UserControllerTest" classname="Modules.User.Tests.Http.Controllers.Tests.UserControllerTest" file="/Users/phelipemomesso/Sites/desafio-backend/api/modules/User/Tests/Http/Controllers/UserControllerTest.php" line="164" assertions="1" time="0.069172"/>
    </testsuite>
    <testsuite name="Modules\User\Tests\Repositories\UserRepositoryTest" file="/Users/phelipemomesso/Sites/desafio-backend/api/modules/User/Tests/Repositories/UserRepositoryTest.php" tests="1" assertions="1" errors="0" warnings="0" failures="0" skipped="0" time="0.018991">
      <testcase name="testItCanSpecifyModelClassName" class="Modules\User\Tests\Repositories\UserRepositoryTest" classname="Modules.User.Tests.Repositories.UserRepositoryTest" file="/Users/phelipemomesso/Sites/desafio-backend/api/modules/User/Tests/Repositories/UserRepositoryTest.php" line="33" assertions="1" time="0.018991"/>
    </testsuite>
    <testsuite name="Modules\User\Tests\Services\UserServiceTest" file="/Users/phelipemomesso/Sites/desafio-backend/api/modules/User/Tests/Services/UserServiceTest.php" tests="5" assertions="26" errors="0" warnings="0" failures="0" skipped="0" time="0.247919">
      <testcase name="testItCanCreateEntity" class="Modules\User\Tests\Services\UserServiceTest" classname="Modules.User.Tests.Services.UserServiceTest" file="/Users/phelipemomesso/Sites/desafio-backend/api/modules/User/Tests/Services/UserServiceTest.php" line="40" assertions="9" time="0.055956"/>
      <testcase name="testItCanListingEntity" class="Modules\User\Tests\Services\UserServiceTest" classname="Modules.User.Tests.Services.UserServiceTest" file="/Users/phelipemomesso/Sites/desafio-backend/api/modules/User/Tests/Services/UserServiceTest.php" line="77" assertions="8" time="0.052041"/>
      <testcase name="testItCanShowEntity" class="Modules\User\Tests\Services\UserServiceTest" classname="Modules.User.Tests.Services.UserServiceTest" file="/Users/phelipemomesso/Sites/desafio-backend/api/modules/User/Tests/Services/UserServiceTest.php" line="98" assertions="7" time="0.044948"/>
      <testcase name="testItCanUpdateEntity" class="Modules\User\Tests\Services\UserServiceTest" classname="Modules.User.Tests.Services.UserServiceTest" file="/Users/phelipemomesso/Sites/desafio-backend/api/modules/User/Tests/Services/UserServiceTest.php" line="116" assertions="1" time="0.048174"/>
      <testcase name="testItCanDestroyEntity" class="Modules\User\Tests\Services\UserServiceTest" classname="Modules.User.Tests.Services.UserServiceTest" file="/Users/phelipemomesso/Sites/desafio-backend/api/modules/User/Tests/Services/UserServiceTest.php" line="136" assertions="1" time="0.046800"/>
    </testsuite>
  </testsuite>
</testsuites>
