<?xml version="1.0" encoding="UTF-8"?>
<testsuites>
  <testsuite name="Modules/User/Tests/" tests="11" assertions="63" errors="0" warnings="0" failures="0" skipped="0" time="0.998550">
    <testsuite name="Modules\User\Tests\Http\Controllers\Tests\UserControllerTest" file="/Users/phelipemomesso/Sites/desafio-backend/api/Modules/User/Tests/Http/Controllers/UserControllerTest.php" tests="5" assertions="36" errors="0" warnings="0" failures="0" skipped="0" time="0.763965">
      <testcase name="testItCanCreateResource" class="Modules\User\Tests\Http\Controllers\Tests\UserControllerTest" classname="Modules.User.Tests.Http.Controllers.Tests.UserControllerTest" file="/Users/phelipemomesso/Sites/desafio-backend/api/Modules/User/Tests/Http/Controllers/UserControllerTest.php" line="40" assertions="8" time="0.474474"/>
      <testcase name="testItCanListingResource" class="Modules\User\Tests\Http\Controllers\Tests\UserControllerTest" classname="Modules.User.Tests.Http.Controllers.Tests.UserControllerTest" file="/Users/phelipemomesso/Sites/desafio-backend/api/Modules/User/Tests/Http/Controllers/UserControllerTest.php" line="82" assertions="8" time="0.073077"/>
      <testcase name="testItCanShowResource" class="Modules\User\Tests\Http\Controllers\Tests\UserControllerTest" classname="Modules.User.Tests.Http.Controllers.Tests.UserControllerTest" file="/Users/phelipemomesso/Sites/desafio-backend/api/Modules/User/Tests/Http/Controllers/UserControllerTest.php" line="112" assertions="8" time="0.069039"/>
      <testcase name="testItCanUpdateResource" class="Modules\User\Tests\Http\Controllers\Tests\UserControllerTest" classname="Modules.User.Tests.Http.Controllers.Tests.UserControllerTest" file="/Users/phelipemomesso/Sites/desafio-backend/api/Modules/User/Tests/Http/Controllers/UserControllerTest.php" line="134" assertions="11" time="0.075996"/>
      <testcase name="testItCanDestroyResource" class="Modules\User\Tests\Http\Controllers\Tests\UserControllerTest" classname="Modules.User.Tests.Http.Controllers.Tests.UserControllerTest" file="/Users/phelipemomesso/Sites/desafio-backend/api/Modules/User/Tests/Http/Controllers/UserControllerTest.php" line="164" assertions="1" time="0.071379"/>
    </testsuite>
    <testsuite name="Modules\User\Tests\Repositories\UserRepositoryTest" file="/Users/phelipemomesso/Sites/desafio-backend/api/Modules/User/Tests/Repositories/UserRepositoryTest.php" tests="1" assertions="1" errors="0" warnings="0" failures="0" skipped="0" time="0.018064">
      <testcase name="testItCanSpecifyModelClassName" class="Modules\User\Tests\Repositories\UserRepositoryTest" classname="Modules.User.Tests.Repositories.UserRepositoryTest" file="/Users/phelipemomesso/Sites/desafio-backend/api/Modules/User/Tests/Repositories/UserRepositoryTest.php" line="33" assertions="1" time="0.018064"/>
    </testsuite>
    <testsuite name="Modules\User\Tests\Services\UserServiceTest" file="/Users/phelipemomesso/Sites/desafio-backend/api/Modules/User/Tests/Services/UserServiceTest.php" tests="5" assertions="26" errors="0" warnings="0" failures="0" skipped="0" time="0.216521">
      <testcase name="testItCanCreateEntity" class="Modules\User\Tests\Services\UserServiceTest" classname="Modules.User.Tests.Services.UserServiceTest" file="/Users/phelipemomesso/Sites/desafio-backend/api/Modules/User/Tests/Services/UserServiceTest.php" line="40" assertions="9" time="0.045402"/>
      <testcase name="testItCanListingEntity" class="Modules\User\Tests\Services\UserServiceTest" classname="Modules.User.Tests.Services.UserServiceTest" file="/Users/phelipemomesso/Sites/desafio-backend/api/Modules/User/Tests/Services/UserServiceTest.php" line="77" assertions="8" time="0.046921"/>
      <testcase name="testItCanShowEntity" class="Modules\User\Tests\Services\UserServiceTest" classname="Modules.User.Tests.Services.UserServiceTest" file="/Users/phelipemomesso/Sites/desafio-backend/api/Modules/User/Tests/Services/UserServiceTest.php" line="98" assertions="7" time="0.038513"/>
      <testcase name="testItCanUpdateEntity" class="Modules\User\Tests\Services\UserServiceTest" classname="Modules.User.Tests.Services.UserServiceTest" file="/Users/phelipemomesso/Sites/desafio-backend/api/Modules/User/Tests/Services/UserServiceTest.php" line="116" assertions="1" time="0.045763"/>
      <testcase name="testItCanDestroyEntity" class="Modules\User\Tests\Services\UserServiceTest" classname="Modules.User.Tests.Services.UserServiceTest" file="/Users/phelipemomesso/Sites/desafio-backend/api/Modules/User/Tests/Services/UserServiceTest.php" line="136" assertions="1" time="0.039922"/>
    </testsuite>
  </testsuite>
</testsuites>
